2025-06-11 09:48:08,746 - Starting URL fetch job
2025-06-11 09:48:09,389 - Fetched https://4genderjustice.org/ - Status: 200
2025-06-11 09:48:09,776 - Fetched http://666games.net/ - Status: 200
2025-06-11 09:48:20,004 - Failed to fetch http://abpr2.railfan.net/ - Error: HTTPConnectionPool(host='abpr2.railfan.net', port=80): Max retries exceeded with url: / (Caused by ConnectTimeoutError(<urllib3.connection.HTTPConnection object at 0x7fb1107fdbe0>, 'Connection to abpr2.railfan.net timed out. (connect timeout=10)'))
2025-06-11 09:48:20,544 - Fetched https://addons.mozilla.org/ - Status: 200
2025-06-11 09:48:21,251 - Fetched https://adium.im/ - Status: 200
2025-06-11 09:48:22,699 - Fetched https://adultfriendfinder.com/ - Status: 200
2025-06-11 09:48:22,957 - Fetched https://advox.globalvoices.org/ - Status: 200
2025-06-11 09:48:23,932 - Fetched https://alt.com/ - Status: 200
2025-06-11 09:48:24,061 - Fetched https://amphetamines.com/ - Status: 200
2025-06-11 09:48:24,283 - Fetched https://anon.inf.tu-dresden.de/ - Status: 200
2025-06-11 09:48:24,449 - Fetched http://anonymizer.secuser.com/ - Status: 200
2025-06-11 09:48:24,550 - Fetched http://anonymouse.org/ - Status: 200
2025-06-11 09:48:25,079 - Fetched https://archive.org/ - Status: 200
2025-06-11 09:48:25,220 - Fetched https://archiveofourown.org/ - Status: 200
2025-06-11 09:48:25,390 - Fetched https://asiatimes.com/ - Status: 200
2025-06-11 09:48:26,385 - Fetched https://astalavista.box.sk/ - Status: 503
2025-06-11 09:48:27,241 - Fetched https://attrition.org/ - Status: 200
2025-06-11 09:48:27,503 - Fetched https://secure.avaaz.org/ - Status: 200
2025-06-11 09:48:27,778 - Fetched https://www.autistici.org/ - Status: 200
2025-06-11 09:48:28,027 - Fetched https://noblogs.org/ - Status: 200
2025-06-11 09:48:28,168 - Fetched https://beeg.com/ - Status: 200
2025-06-11 09:48:30,299 - Fetched http://beyondexgay.com/ - Status: 200
2025-06-11 09:48:30,982 - Fetched https://bi.org/ - Status: 200
2025-06-11 09:48:31,455 - Fetched https://bitcoin.org/ - Status: 200
2025-06-11 09:48:31,872 - Fetched https://bitcoin.sipa.be/ - Status: 200
2025-06-11 09:50:20,844 - Starting URL fetch job
2025-06-11 09:50:21,371 - Fetched https://4genderjustice.org/ - Status: 200
2025-06-11 09:50:21,693 - Fetched http://666games.net/ - Status: 200
2025-06-11 09:50:31,702 - Failed to fetch http://abpr2.railfan.net/ - Error: HTTPConnectionPool(host='abpr2.railfan.net', port=80): Max retries exceeded with url: / (Caused by ConnectTimeoutError(<urllib3.connection.HTTPConnection object at 0x7fa5e87b5d00>, 'Connection to abpr2.railfan.net timed out. (connect timeout=10)'))
2025-06-11 09:50:31,848 - Fetched https://addons.mozilla.org/ - Status: 200
2025-06-11 09:50:32,170 - Fetched https://adium.im/ - Status: 200
2025-06-11 09:50:33,607 - Fetched https://adultfriendfinder.com/ - Status: 200
2025-06-11 09:50:33,750 - Fetched https://advox.globalvoices.org/ - Status: 200
2025-06-11 09:50:34,821 - Fetched https://alt.com/ - Status: 200
2025-06-11 09:50:34,940 - Fetched https://amphetamines.com/ - Status: 200
2025-06-11 09:50:35,108 - Fetched https://anon.inf.tu-dresden.de/ - Status: 200
2025-06-11 09:50:35,203 - Fetched http://anonymizer.secuser.com/ - Status: 200
2025-06-11 09:50:35,277 - Fetched http://anonymouse.org/ - Status: 200
2025-06-11 09:50:35,793 - Fetched https://archive.org/ - Status: 200
2025-06-11 09:50:35,927 - Fetched https://archiveofourown.org/ - Status: 200
2025-06-11 09:50:36,066 - Fetched https://asiatimes.com/ - Status: 200
2025-06-11 09:50:36,694 - Fetched https://astalavista.box.sk/ - Status: 503
2025-06-11 09:50:37,391 - Fetched https://attrition.org/ - Status: 200
2025-06-11 09:50:37,572 - Fetched https://secure.avaaz.org/ - Status: 200
2025-06-11 09:50:37,790 - Fetched https://www.autistici.org/ - Status: 200
2025-06-11 09:50:37,993 - Fetched https://noblogs.org/ - Status: 200
2025-06-11 09:50:38,130 - Fetched https://beeg.com/ - Status: 200
2025-06-11 09:50:39,220 - Fetched http://beyondexgay.com/ - Status: 200
2025-06-11 09:50:39,756 - Fetched https://bi.org/ - Status: 200
2025-06-11 09:50:40,155 - Fetched https://bitcoin.org/ - Status: 200
2025-06-11 09:50:40,554 - Fetched https://bitcoin.sipa.be/ - Status: 200
